Running on workergpu065 with 2 NVIDIA A100-SXM4-80GB  GPUs.
no change     /mnt/home/adas1/miniconda3/condabin/conda
no change     /mnt/home/adas1/miniconda3/bin/conda
no change     /mnt/home/adas1/miniconda3/bin/conda-env
no change     /mnt/home/adas1/miniconda3/bin/activate
no change     /mnt/home/adas1/miniconda3/bin/deactivate
no change     /mnt/home/adas1/miniconda3/etc/profile.d/conda.sh
no change     /mnt/home/adas1/miniconda3/etc/fish/conf.d/conda.fish
no change     /mnt/home/adas1/miniconda3/shell/condabin/Conda.psm1
no change     /mnt/home/adas1/miniconda3/shell/condabin/conda-hook.ps1
no change     /mnt/home/adas1/miniconda3/lib/python3.12/site-packages/xontrib/conda.xsh
no change     /mnt/home/adas1/miniconda3/etc/profile.d/conda.csh
no change     /mnt/home/adas1/.bashrc
No action taken.
{'avg_pred_response_time_per_sentence': 2.7855,
 'f1': 0.342,
 'precision': 0.407,
 'recall': 0.2949,
 'total_time': 373.287,
 'union_f1': 0.4927,
 'union_precision': 0.5865,
 'union_recall': 0.4247}
