Lmod has detected the following error: These module(s) or extension(s) exist
but cannot be loaded as requested: "gcc/10.3.0", "cuda/12.1.1"
   Try: "module spider gcc/10.3.0 cuda/12.1.1" to see how to load the
module(s).




CondaError: Run 'conda init' before 'conda activate'

wandb: Currently logged in as: abhipsha-das16. Use `wandb login --relogin` to force relogin
cat: /sys/module/amdgpu/initstate: No such file or directory
ERROR:root:Driver not initialized (amdgpu not found in modules)
wandb: Tracking run with wandb version 0.17.4
wandb: Run data is saved locally in /mnt/home/adas1/projects/knowledge-graph/kg-for-science/wandb/run-20240716_033800-urs9kne5
wandb: Run `wandb offline` to turn off syncing.
wandb: Syncing run pleasant-firefly-32
wandb: ⭐️ View project at https://wandb.ai/abhipsha-das16/kg-runs
wandb: 🚀 View run at https://wandb.ai/abhipsha-das16/kg-runs/runs/urs9kne5
2024-07-16 03:38:02,858 - INFO - setting random seeds and environment variables...
2024-07-16 03:38:03,266 - INFO - loading schema and data...
2024-07-16 03:38:03,267 - INFO - Number of training examples: 3
2024-07-16 03:38:03,267 - INFO - Number of validation examples: 17
2024-07-16 03:38:03,268 - INFO - loading model and tokenizer...
Special tokens have been added in the vocabulary, make sure the associated word embeddings are fine-tuned or trained.
Downloading shards:   0%|          | 0/30 [00:00<?, ?it/s]Downloading shards:   3%|▎         | 1/30 [00:21<10:13, 21.15s/it]Downloading shards:   7%|▋         | 2/30 [00:42<09:54, 21.22s/it]Downloading shards:  10%|█         | 3/30 [01:05<09:50, 21.88s/it]Downloading shards:  13%|█▎        | 4/30 [01:27<09:35, 22.12s/it]Downloading shards:  17%|█▋        | 5/30 [01:48<09:05, 21.83s/it]Downloading shards:  20%|██        | 6/30 [02:10<08:40, 21.67s/it]Downloading shards:  23%|██▎       | 7/30 [02:31<08:16, 21.59s/it]Downloading shards:  27%|██▋       | 8/30 [02:54<08:04, 22.02s/it]