Running on workergpu044 with 2 NVIDIA A100-SXM4-80GB  GPUs.
no change     /mnt/home/adas1/miniconda3/condabin/conda
no change     /mnt/home/adas1/miniconda3/bin/conda
no change     /mnt/home/adas1/miniconda3/bin/conda-env
no change     /mnt/home/adas1/miniconda3/bin/activate
no change     /mnt/home/adas1/miniconda3/bin/deactivate
no change     /mnt/home/adas1/miniconda3/etc/profile.d/conda.sh
no change     /mnt/home/adas1/miniconda3/etc/fish/conf.d/conda.fish
no change     /mnt/home/adas1/miniconda3/shell/condabin/Conda.psm1
no change     /mnt/home/adas1/miniconda3/shell/condabin/conda-hook.ps1
no change     /mnt/home/adas1/miniconda3/lib/python3.12/site-packages/xontrib/conda.xsh
no change     /mnt/home/adas1/miniconda3/etc/profile.d/conda.csh
no change     /mnt/home/adas1/.bashrc
No action taken.
{'avg_pred_response_time_per_sentence': 5.9119,
 'f1': 0.4266,
 'precision': 0.4218,
 'recall': 0.4316,
 'total_time': 792.2383,
 'union_f1': 0.563,
 'union_precision': 0.5625,
 'union_recall': 0.5636}
